# JRE version: Java(TM) SE Runtime Environment (8.0_101-b13) (build 1.8.0_101-b13)
# Java VM: Java HotSpot(TM) 64-Bit Server VM (25.101-b13 mixed mode windows-amd64 compressed oops)
Heap:
 PSYoungGen      total 336896K, used 14817K [0x00000000e0000000, 0x00000000fdf80000, 0x0000000100000000)
  eden space 322048K, 0% used [0x00000000e0000000,0x00000000e0000000,0x00000000f3a80000)
  from space 14848K, 99% used [0x00000000f3a80000,0x00000000f48f87f8,0x00000000f4900000)
  to   space 19456K, 0% used [0x00000000fcc80000,0x00000000fcc80000,0x00000000fdf80000)
 ParOldGen       total 71168K, used 33800K [0x00000000a0000000, 0x00000000a4580000, 0x00000000e0000000)
  object space 71168K, 47% used [0x00000000a0000000,0x00000000a2102130,0x00000000a4580000)
 Metaspace       used 57728K, capacity 58942K, committed 59160K, reserved 1099776K
  class space    used 7607K, capacity 7940K, committed 7976K, reserved 1048576K
GC Heap History (10 events):
Event: 36.413 GC heap after
Heap after GC invocations=11 (full 1):
 PSYoungGen      total 238080K, used 8699K [0x00000000e0000000, 0x00000000f7180000, 0x0000000100000000)
  eden space 229376K, 0% used [0x00000000e0000000,0x00000000e0000000,0x00000000ee000000)
  from space 8704K, 99% used [0x00000000eec80000,0x00000000ef4fec50,0x00000000ef500000)
  to   space 12800K, 0% used [0x00000000ee000000,0x00000000ee000000,0x00000000eec80000)
 ParOldGen       total 53248K, used 19479K [0x00000000a0000000, 0x00000000a3400000, 0x00000000e0000000)
  object space 53248K, 36% used [0x00000000a0000000,0x00000000a1305c78,0x00000000a3400000)
 Metaspace       used 34687K, capacity 35408K, committed 35496K, reserved 1079296K
  class space    used 4813K, capacity 5007K, committed 5032K, reserved 1048576K
}
Event: 36.413 GC heap before
{Heap before GC invocations=12 (full 2):
 PSYoungGen      total 238080K, used 8699K [0x00000000e0000000, 0x00000000f7180000, 0x0000000100000000)
  eden space 229376K, 0% used [0x00000000e0000000,0x00000000e0000000,0x00000000ee000000)
  from space 8704K, 99% used [0x00000000eec80000,0x00000000ef4fec50,0x00000000ef500000)
  to   space 12800K, 0% used [0x00000000ee000000,0x00000000ee000000,0x00000000eec80000)
 ParOldGen       total 53248K, used 19479K [0x00000000a0000000, 0x00000000a3400000, 0x00000000e0000000)
  object space 53248K, 36% used [0x00000000a0000000,0x00000000a1305c78,0x00000000a3400000)
 Metaspace       used 34687K, capacity 35408K, committed 35496K, reserved 1079296K
  class space    used 4813K, capacity 5007K, committed 5032K, reserved 1048576K
Event: 36.511 GC heap after
Heap after GC invocations=12 (full 2):
 PSYoungGen      total 238080K, used 0K [0x00000000e0000000, 0x00000000f7180000, 0x0000000100000000)
  eden space 229376K, 0% used [0x00000000e0000000,0x00000000e0000000,0x00000000ee000000)
  from space 8704K, 0% used [0x00000000eec80000,0x00000000eec80000,0x00000000ef500000)
  to   space 12800K, 0% used [0x00000000ee000000,0x00000000ee000000,0x00000000eec80000)
 ParOldGen       total 71168K, used 20188K [0x00000000a0000000, 0x00000000a4580000, 0x00000000e0000000)
  object space 71168K, 28% used [0x00000000a0000000,0x00000000a13b73a0,0x00000000a4580000)
 Metaspace       used 34604K, capacity 35260K, committed 35496K, reserved 1079296K
  class space    used 4788K, capacity 4979K, committed 5032K, reserved 1048576K
}
Event: 68.239 GC heap before
{Heap before GC invocations=13 (full 2):
 PSYoungGen      total 238080K, used 229376K [0x00000000e0000000, 0x00000000f7180000, 0x0000000100000000)
  eden space 229376K, 100% used [0x00000000e0000000,0x00000000ee000000,0x00000000ee000000)
  from space 8704K, 0% used [0x00000000eec80000,0x00000000eec80000,0x00000000ef500000)
  to   space 12800K, 0% used [0x00000000ee000000,0x00000000ee000000,0x00000000eec80000)
 ParOldGen       total 71168K, used 20188K [0x00000000a0000000, 0x00000000a4580000, 0x00000000e0000000)
  object space 71168K, 28% used [0x00000000a0000000,0x00000000a13b73a0,0x00000000a4580000)
 Metaspace       used 41823K, capacity 42566K, committed 42920K, reserved 1087488K
  class space    used 5494K, capacity 5676K, committed 5800K, reserved 1048576K
Event: 68.333 GC heap after
Heap after GC invocations=13 (full 2):
 PSYoungGen      total 242176K, used 12470K [0x00000000e0000000, 0x00000000f5c80000, 0x0000000100000000)
  eden space 229376K, 0% used [0x00000000e0000000,0x00000000e0000000,0x00000000ee000000)
  from space 12800K, 97% used [0x00000000ee000000,0x00000000eec2d838,0x00000000eec80000)
  to   space 14336K, 0% used [0x00000000f4e80000,0x00000000f4e80000,0x00000000f5c80000)
 ParOldGen       total 71168K, used 20276K [0x00000000a0000000, 0x00000000a4580000, 0x00000000e0000000)
  object space 71168K, 28% used [0x00000000a0000000,0x00000000a13cd3b0,0x00000000a4580000)
 Metaspace       used 41823K, capacity 42566K, committed 42920K, reserved 1087488K
  class space    used 5494K, capacity 5676K, committed 5800K, reserved 1048576K
}
Event: 71.320 GC heap before
{Heap before GC invocations=14 (full 2):
 PSYoungGen      total 242176K, used 241846K [0x00000000e0000000, 0x00000000f5c80000, 0x0000000100000000)
  eden space 229376K, 100% used [0x00000000e0000000,0x00000000ee000000,0x00000000ee000000)
  from space 12800K, 97% used [0x00000000ee000000,0x00000000eec2d838,0x00000000eec80000)
  to   space 14336K, 0% used [0x00000000f4e80000,0x00000000f4e80000,0x00000000f5c80000)
 ParOldGen       total 71168K, used 20276K [0x00000000a0000000, 0x00000000a4580000, 0x00000000e0000000)
  object space 71168K, 28% used [0x00000000a0000000,0x00000000a13cd3b0,0x00000000a4580000)
 Metaspace       used 41878K, capacity 42630K, committed 43176K, reserved 1087488K
  class space    used 5494K, capacity 5676K, committed 5800K, reserved 1048576K
Event: 71.330 GC heap after
Heap after GC invocations=14 (full 2):
 PSYoungGen      total 331264K, used 1824K [0x00000000e0000000, 0x00000000f5780000, 0x0000000100000000)
  eden space 322048K, 0% used [0x00000000e0000000,0x00000000e0000000,0x00000000f3a80000)
  from space 9216K, 19% used [0x00000000f4e80000,0x00000000f5048000,0x00000000f5780000)
  to   space 14848K, 0% used [0x00000000f3a80000,0x00000000f3a80000,0x00000000f4900000)
 ParOldGen       total 71168K, used 25512K [0x00000000a0000000, 0x00000000a4580000, 0x00000000e0000000)
  object space 71168K, 35% used [0x00000000a0000000,0x00000000a18ea178,0x00000000a4580000)
 Metaspace       used 41878K, capacity 42630K, committed 43176K, reserved 1087488K
  class space    used 5494K, capacity 5676K, committed 5800K, reserved 1048576K
}
Event: 74.029 GC heap before
{Heap before GC invocations=15 (full 2):
 PSYoungGen      total 331264K, used 224301K [0x00000000e0000000, 0x00000000f5780000, 0x0000000100000000)
  eden space 322048K, 69% used [0x00000000e0000000,0x00000000ed943648,0x00000000f3a80000)
  from space 9216K, 19% used [0x00000000f4e80000,0x00000000f5048000,0x00000000f5780000)
  to   space 14848K, 0% used [0x00000000f3a80000,0x00000000f3a80000,0x00000000f4900000)
 ParOldGen       total 71168K, used 25512K [0x00000000a0000000, 0x00000000a4580000, 0x00000000e0000000)
  object space 71168K, 35% used [0x00000000a0000000,0x00000000a18ea178,0x00000000a4580000)
 Metaspace       used 57728K, capacity 58942K, committed 59160K, reserved 1099776K
  class space    used 7607K, capacity 7940K, committed 7976K, reserved 1048576K
Event: 74.057 GC heap after
Heap after GC invocations=15 (full 2):
 PSYoungGen      total 336896K, used 14817K [0x00000000e0000000, 0x00000000fdf80000, 0x0000000100000000)
  eden space 322048K, 0% used [0x00000000e0000000,0x00000000e0000000,0x00000000f3a80000)
  from space 14848K, 99% used [0x00000000f3a80000,0x00000000f48f87f8,0x00000000f4900000)
  to   space 19456K, 0% used [0x00000000fcc80000,0x00000000fcc80000,0x00000000fdf80000)
 ParOldGen       total 71168K, used 33800K [0x00000000a0000000, 0x00000000a4580000, 0x00000000e0000000)
  object space 71168K, 47% used [0x00000000a0000000,0x00000000a2102130,0x00000000a4580000)
 Metaspace       used 57728K, capacity 58942K, committed 59160K, reserved 1099776K
  class space    used 7607K, capacity 7940K, committed 7976K, reserved 1048576K
}
Event: 74.057 GC heap before
{Heap before GC invocations=16 (full 3):
 PSYoungGen      total 336896K, used 14817K [0x00000000e0000000, 0x00000000fdf80000, 0x0000000100000000)
  eden space 322048K, 0% used [0x00000000e0000000,0x00000000e0000000,0x00000000f3a80000)
  from space 14848K, 99% used [0x00000000f3a80000,0x00000000f48f87f8,0x00000000f4900000)
  to   space 19456K, 0% used [0x00000000fcc80000,0x00000000fcc80000,0x00000000fdf80000)
 ParOldGen       total 71168K, used 33800K [0x00000000a0000000, 0x00000000a4580000, 0x00000000e0000000)
  object space 71168K, 47% used [0x00000000a0000000,0x00000000a2102130,0x00000000a4580000)
 Metaspace       used 57728K, capacity 58942K, committed 59160K, reserved 1099776K
  class space    used 7607K, capacity 7940K, committed 7976K, reserved 1048576K

